# ******************************************************
# PLUTO 4.3 Grid File
# Generated on  Mon Aug 27 20:13:28 2018
# 
# DIMENSIONS: 2
# GEOMETRY:   CARTESIAN
# X1: [ 0.000000,  1.000000], 100 point(s), 2 ghosts
# X2: [ 0.000000,  1.000000], 100 point(s), 2 ghosts
# ******************************************************
100 
 1   0.000000000000e+00    1.000000000000e-02
 2   1.000000000000e-02    2.000000000000e-02
 3   2.000000000000e-02    3.000000000000e-02
 4   3.000000000000e-02    4.000000000000e-02
 5   4.000000000000e-02    5.000000000000e-02
 6   5.000000000000e-02    6.000000000000e-02
 7   6.000000000000e-02    7.000000000000e-02
 8   7.000000000000e-02    8.000000000000e-02
 9   8.000000000000e-02    9.000000000000e-02
 10   9.000000000000e-02    1.000000000000e-01
 11   1.000000000000e-01    1.100000000000e-01
 12   1.100000000000e-01    1.200000000000e-01
 13   1.200000000000e-01    1.300000000000e-01
 14   1.300000000000e-01    1.400000000000e-01
 15   1.400000000000e-01    1.500000000000e-01
 16   1.500000000000e-01    1.600000000000e-01
 17   1.600000000000e-01    1.700000000000e-01
 18   1.700000000000e-01    1.800000000000e-01
 19   1.800000000000e-01    1.900000000000e-01
 20   1.900000000000e-01    2.000000000000e-01
 21   2.000000000000e-01    2.100000000000e-01
 22   2.100000000000e-01    2.200000000000e-01
 23   2.200000000000e-01    2.300000000000e-01
 24   2.300000000000e-01    2.400000000000e-01
 25   2.400000000000e-01    2.500000000000e-01
 26   2.500000000000e-01    2.600000000000e-01
 27   2.600000000000e-01    2.700000000000e-01
 28   2.700000000000e-01    2.800000000000e-01
 29   2.800000000000e-01    2.900000000000e-01
 30   2.900000000000e-01    3.000000000000e-01
 31   3.000000000000e-01    3.100000000000e-01
 32   3.100000000000e-01    3.200000000000e-01
 33   3.200000000000e-01    3.300000000000e-01
 34   3.300000000000e-01    3.400000000000e-01
 35   3.400000000000e-01    3.500000000000e-01
 36   3.500000000000e-01    3.600000000000e-01
 37   3.600000000000e-01    3.700000000000e-01
 38   3.700000000000e-01    3.800000000000e-01
 39   3.800000000000e-01    3.900000000000e-01
 40   3.900000000000e-01    4.000000000000e-01
 41   4.000000000000e-01    4.100000000000e-01
 42   4.100000000000e-01    4.200000000000e-01
 43   4.200000000000e-01    4.300000000000e-01
 44   4.300000000000e-01    4.400000000000e-01
 45   4.400000000000e-01    4.500000000000e-01
 46   4.500000000000e-01    4.600000000000e-01
 47   4.600000000000e-01    4.700000000000e-01
 48   4.700000000000e-01    4.800000000000e-01
 49   4.800000000000e-01    4.900000000000e-01
 50   4.900000000000e-01    5.000000000000e-01
 51   5.000000000000e-01    5.100000000000e-01
 52   5.100000000000e-01    5.200000000000e-01
 53   5.200000000000e-01    5.300000000000e-01
 54   5.300000000000e-01    5.400000000000e-01
 55   5.400000000000e-01    5.500000000000e-01
 56   5.500000000000e-01    5.600000000000e-01
 57   5.600000000000e-01    5.700000000000e-01
 58   5.700000000000e-01    5.800000000000e-01
 59   5.800000000000e-01    5.900000000000e-01
 60   5.900000000000e-01    6.000000000000e-01
 61   6.000000000000e-01    6.100000000000e-01
 62   6.100000000000e-01    6.200000000000e-01
 63   6.200000000000e-01    6.300000000000e-01
 64   6.300000000000e-01    6.400000000000e-01
 65   6.400000000000e-01    6.500000000000e-01
 66   6.500000000000e-01    6.600000000000e-01
 67   6.600000000000e-01    6.700000000000e-01
 68   6.700000000000e-01    6.800000000000e-01
 69   6.800000000000e-01    6.900000000000e-01
 70   6.900000000000e-01    7.000000000000e-01
 71   7.000000000000e-01    7.100000000000e-01
 72   7.100000000000e-01    7.200000000000e-01
 73   7.200000000000e-01    7.300000000000e-01
 74   7.300000000000e-01    7.400000000000e-01
 75   7.400000000000e-01    7.500000000000e-01
 76   7.500000000000e-01    7.600000000000e-01
 77   7.600000000000e-01    7.700000000000e-01
 78   7.700000000000e-01    7.800000000000e-01
 79   7.800000000000e-01    7.900000000000e-01
 80   7.900000000000e-01    8.000000000000e-01
 81   8.000000000000e-01    8.100000000000e-01
 82   8.100000000000e-01    8.200000000000e-01
 83   8.200000000000e-01    8.300000000000e-01
 84   8.300000000000e-01    8.400000000000e-01
 85   8.400000000000e-01    8.500000000000e-01
 86   8.500000000000e-01    8.600000000000e-01
 87   8.600000000000e-01    8.700000000000e-01
 88   8.700000000000e-01    8.800000000000e-01
 89   8.800000000000e-01    8.900000000000e-01
 90   8.900000000000e-01    9.000000000000e-01
 91   9.000000000000e-01    9.100000000000e-01
 92   9.100000000000e-01    9.200000000000e-01
 93   9.200000000000e-01    9.300000000000e-01
 94   9.300000000000e-01    9.400000000000e-01
 95   9.400000000000e-01    9.500000000000e-01
 96   9.500000000000e-01    9.600000000000e-01
 97   9.600000000000e-01    9.700000000000e-01
 98   9.700000000000e-01    9.800000000000e-01
 99   9.800000000000e-01    9.900000000000e-01
 100   9.900000000000e-01    1.000000000000e+00
100 
 1   0.000000000000e+00    1.000000000000e-02
 2   1.000000000000e-02    2.000000000000e-02
 3   2.000000000000e-02    3.000000000000e-02
 4   3.000000000000e-02    4.000000000000e-02
 5   4.000000000000e-02    5.000000000000e-02
 6   5.000000000000e-02    6.000000000000e-02
 7   6.000000000000e-02    7.000000000000e-02
 8   7.000000000000e-02    8.000000000000e-02
 9   8.000000000000e-02    9.000000000000e-02
 10   9.000000000000e-02    1.000000000000e-01
 11   1.000000000000e-01    1.100000000000e-01
 12   1.100000000000e-01    1.200000000000e-01
 13   1.200000000000e-01    1.300000000000e-01
 14   1.300000000000e-01    1.400000000000e-01
 15   1.400000000000e-01    1.500000000000e-01
 16   1.500000000000e-01    1.600000000000e-01
 17   1.600000000000e-01    1.700000000000e-01
 18   1.700000000000e-01    1.800000000000e-01
 19   1.800000000000e-01    1.900000000000e-01
 20   1.900000000000e-01    2.000000000000e-01
 21   2.000000000000e-01    2.100000000000e-01
 22   2.100000000000e-01    2.200000000000e-01
 23   2.200000000000e-01    2.300000000000e-01
 24   2.300000000000e-01    2.400000000000e-01
 25   2.400000000000e-01    2.500000000000e-01
 26   2.500000000000e-01    2.600000000000e-01
 27   2.600000000000e-01    2.700000000000e-01
 28   2.700000000000e-01    2.800000000000e-01
 29   2.800000000000e-01    2.900000000000e-01
 30   2.900000000000e-01    3.000000000000e-01
 31   3.000000000000e-01    3.100000000000e-01
 32   3.100000000000e-01    3.200000000000e-01
 33   3.200000000000e-01    3.300000000000e-01
 34   3.300000000000e-01    3.400000000000e-01
 35   3.400000000000e-01    3.500000000000e-01
 36   3.500000000000e-01    3.600000000000e-01
 37   3.600000000000e-01    3.700000000000e-01
 38   3.700000000000e-01    3.800000000000e-01
 39   3.800000000000e-01    3.900000000000e-01
 40   3.900000000000e-01    4.000000000000e-01
 41   4.000000000000e-01    4.100000000000e-01
 42   4.100000000000e-01    4.200000000000e-01
 43   4.200000000000e-01    4.300000000000e-01
 44   4.300000000000e-01    4.400000000000e-01
 45   4.400000000000e-01    4.500000000000e-01
 46   4.500000000000e-01    4.600000000000e-01
 47   4.600000000000e-01    4.700000000000e-01
 48   4.700000000000e-01    4.800000000000e-01
 49   4.800000000000e-01    4.900000000000e-01
 50   4.900000000000e-01    5.000000000000e-01
 51   5.000000000000e-01    5.100000000000e-01
 52   5.100000000000e-01    5.200000000000e-01
 53   5.200000000000e-01    5.300000000000e-01
 54   5.300000000000e-01    5.400000000000e-01
 55   5.400000000000e-01    5.500000000000e-01
 56   5.500000000000e-01    5.600000000000e-01
 57   5.600000000000e-01    5.700000000000e-01
 58   5.700000000000e-01    5.800000000000e-01
 59   5.800000000000e-01    5.900000000000e-01
 60   5.900000000000e-01    6.000000000000e-01
 61   6.000000000000e-01    6.100000000000e-01
 62   6.100000000000e-01    6.200000000000e-01
 63   6.200000000000e-01    6.300000000000e-01
 64   6.300000000000e-01    6.400000000000e-01
 65   6.400000000000e-01    6.500000000000e-01
 66   6.500000000000e-01    6.600000000000e-01
 67   6.600000000000e-01    6.700000000000e-01
 68   6.700000000000e-01    6.800000000000e-01
 69   6.800000000000e-01    6.900000000000e-01
 70   6.900000000000e-01    7.000000000000e-01
 71   7.000000000000e-01    7.100000000000e-01
 72   7.100000000000e-01    7.200000000000e-01
 73   7.200000000000e-01    7.300000000000e-01
 74   7.300000000000e-01    7.400000000000e-01
 75   7.400000000000e-01    7.500000000000e-01
 76   7.500000000000e-01    7.600000000000e-01
 77   7.600000000000e-01    7.700000000000e-01
 78   7.700000000000e-01    7.800000000000e-01
 79   7.800000000000e-01    7.900000000000e-01
 80   7.900000000000e-01    8.000000000000e-01
 81   8.000000000000e-01    8.100000000000e-01
 82   8.100000000000e-01    8.200000000000e-01
 83   8.200000000000e-01    8.300000000000e-01
 84   8.300000000000e-01    8.400000000000e-01
 85   8.400000000000e-01    8.500000000000e-01
 86   8.500000000000e-01    8.600000000000e-01
 87   8.600000000000e-01    8.700000000000e-01
 88   8.700000000000e-01    8.800000000000e-01
 89   8.800000000000e-01    8.900000000000e-01
 90   8.900000000000e-01    9.000000000000e-01
 91   9.000000000000e-01    9.100000000000e-01
 92   9.100000000000e-01    9.200000000000e-01
 93   9.200000000000e-01    9.300000000000e-01
 94   9.300000000000e-01    9.400000000000e-01
 95   9.400000000000e-01    9.500000000000e-01
 96   9.500000000000e-01    9.600000000000e-01
 97   9.600000000000e-01    9.700000000000e-01
 98   9.700000000000e-01    9.800000000000e-01
 99   9.800000000000e-01    9.900000000000e-01
 100   9.900000000000e-01    1.000000000000e+00
1 
 1   0.000000000000e+00    1.000000000000e+00
