# ******************************************************
# PLUTO 4.3 Grid File
# Generated on  Mon Aug 27 21:31:33 2018
# 
# DIMENSIONS: 2
# GEOMETRY:   POLAR
# X1: [ 0.000000,  2.000000], 250 point(s), 2 ghosts
# X2: [ 0.000000,  6.283185], 250 point(s), 2 ghosts
# ******************************************************
250 
 1   0.000000000000e+00    8.000000000000e-03
 2   8.000000000000e-03    1.600000000000e-02
 3   1.600000000000e-02    2.400000000000e-02
 4   2.400000000000e-02    3.200000000000e-02
 5   3.200000000000e-02    4.000000000000e-02
 6   4.000000000000e-02    4.800000000000e-02
 7   4.800000000000e-02    5.600000000000e-02
 8   5.600000000000e-02    6.400000000000e-02
 9   6.400000000000e-02    7.200000000000e-02
 10   7.200000000000e-02    8.000000000000e-02
 11   8.000000000000e-02    8.800000000000e-02
 12   8.800000000000e-02    9.600000000000e-02
 13   9.600000000000e-02    1.040000000000e-01
 14   1.040000000000e-01    1.120000000000e-01
 15   1.120000000000e-01    1.200000000000e-01
 16   1.200000000000e-01    1.280000000000e-01
 17   1.280000000000e-01    1.360000000000e-01
 18   1.360000000000e-01    1.440000000000e-01
 19   1.440000000000e-01    1.520000000000e-01
 20   1.520000000000e-01    1.600000000000e-01
 21   1.600000000000e-01    1.680000000000e-01
 22   1.680000000000e-01    1.760000000000e-01
 23   1.760000000000e-01    1.840000000000e-01
 24   1.840000000000e-01    1.920000000000e-01
 25   1.920000000000e-01    2.000000000000e-01
 26   2.000000000000e-01    2.080000000000e-01
 27   2.080000000000e-01    2.160000000000e-01
 28   2.160000000000e-01    2.240000000000e-01
 29   2.240000000000e-01    2.320000000000e-01
 30   2.320000000000e-01    2.400000000000e-01
 31   2.400000000000e-01    2.480000000000e-01
 32   2.480000000000e-01    2.560000000000e-01
 33   2.560000000000e-01    2.640000000000e-01
 34   2.640000000000e-01    2.720000000000e-01
 35   2.720000000000e-01    2.800000000000e-01
 36   2.800000000000e-01    2.880000000000e-01
 37   2.880000000000e-01    2.960000000000e-01
 38   2.960000000000e-01    3.040000000000e-01
 39   3.040000000000e-01    3.120000000000e-01
 40   3.120000000000e-01    3.200000000000e-01
 41   3.200000000000e-01    3.280000000000e-01
 42   3.280000000000e-01    3.360000000000e-01
 43   3.360000000000e-01    3.440000000000e-01
 44   3.440000000000e-01    3.520000000000e-01
 45   3.520000000000e-01    3.600000000000e-01
 46   3.600000000000e-01    3.680000000000e-01
 47   3.680000000000e-01    3.760000000000e-01
 48   3.760000000000e-01    3.840000000000e-01
 49   3.840000000000e-01    3.920000000000e-01
 50   3.920000000000e-01    4.000000000000e-01
 51   4.000000000000e-01    4.080000000000e-01
 52   4.080000000000e-01    4.160000000000e-01
 53   4.160000000000e-01    4.240000000000e-01
 54   4.240000000000e-01    4.320000000000e-01
 55   4.320000000000e-01    4.400000000000e-01
 56   4.400000000000e-01    4.480000000000e-01
 57   4.480000000000e-01    4.560000000000e-01
 58   4.560000000000e-01    4.640000000000e-01
 59   4.640000000000e-01    4.720000000000e-01
 60   4.720000000000e-01    4.800000000000e-01
 61   4.800000000000e-01    4.880000000000e-01
 62   4.880000000000e-01    4.960000000000e-01
 63   4.960000000000e-01    5.040000000000e-01
 64   5.040000000000e-01    5.120000000000e-01
 65   5.120000000000e-01    5.200000000000e-01
 66   5.200000000000e-01    5.280000000000e-01
 67   5.280000000000e-01    5.360000000000e-01
 68   5.360000000000e-01    5.440000000000e-01
 69   5.440000000000e-01    5.520000000000e-01
 70   5.520000000000e-01    5.600000000000e-01
 71   5.600000000000e-01    5.680000000000e-01
 72   5.680000000000e-01    5.760000000000e-01
 73   5.760000000000e-01    5.840000000000e-01
 74   5.840000000000e-01    5.920000000000e-01
 75   5.920000000000e-01    6.000000000000e-01
 76   6.000000000000e-01    6.080000000000e-01
 77   6.080000000000e-01    6.160000000000e-01
 78   6.160000000000e-01    6.240000000000e-01
 79   6.240000000000e-01    6.320000000000e-01
 80   6.320000000000e-01    6.400000000000e-01
 81   6.400000000000e-01    6.480000000000e-01
 82   6.480000000000e-01    6.560000000000e-01
 83   6.560000000000e-01    6.640000000000e-01
 84   6.640000000000e-01    6.720000000000e-01
 85   6.720000000000e-01    6.800000000000e-01
 86   6.800000000000e-01    6.880000000000e-01
 87   6.880000000000e-01    6.960000000000e-01
 88   6.960000000000e-01    7.040000000000e-01
 89   7.040000000000e-01    7.120000000000e-01
 90   7.120000000000e-01    7.200000000000e-01
 91   7.200000000000e-01    7.280000000000e-01
 92   7.280000000000e-01    7.360000000000e-01
 93   7.360000000000e-01    7.440000000000e-01
 94   7.440000000000e-01    7.520000000000e-01
 95   7.520000000000e-01    7.600000000000e-01
 96   7.600000000000e-01    7.680000000000e-01
 97   7.680000000000e-01    7.760000000000e-01
 98   7.760000000000e-01    7.840000000000e-01
 99   7.840000000000e-01    7.920000000000e-01
 100   7.920000000000e-01    8.000000000000e-01
 101   8.000000000000e-01    8.080000000000e-01
 102   8.080000000000e-01    8.160000000000e-01
 103   8.160000000000e-01    8.240000000000e-01
 104   8.240000000000e-01    8.320000000000e-01
 105   8.320000000000e-01    8.400000000000e-01
 106   8.400000000000e-01    8.480000000000e-01
 107   8.480000000000e-01    8.560000000000e-01
 108   8.560000000000e-01    8.640000000000e-01
 109   8.640000000000e-01    8.720000000000e-01
 110   8.720000000000e-01    8.800000000000e-01
 111   8.800000000000e-01    8.880000000000e-01
 112   8.880000000000e-01    8.960000000000e-01
 113   8.960000000000e-01    9.040000000000e-01
 114   9.040000000000e-01    9.120000000000e-01
 115   9.120000000000e-01    9.200000000000e-01
 116   9.200000000000e-01    9.280000000000e-01
 117   9.280000000000e-01    9.360000000000e-01
 118   9.360000000000e-01    9.440000000000e-01
 119   9.440000000000e-01    9.520000000000e-01
 120   9.520000000000e-01    9.600000000000e-01
 121   9.600000000000e-01    9.680000000000e-01
 122   9.680000000000e-01    9.760000000000e-01
 123   9.760000000000e-01    9.840000000000e-01
 124   9.840000000000e-01    9.920000000000e-01
 125   9.920000000000e-01    1.000000000000e+00
 126   1.000000000000e+00    1.008000000000e+00
 127   1.008000000000e+00    1.016000000000e+00
 128   1.016000000000e+00    1.024000000000e+00
 129   1.024000000000e+00    1.032000000000e+00
 130   1.032000000000e+00    1.040000000000e+00
 131   1.040000000000e+00    1.048000000000e+00
 132   1.048000000000e+00    1.056000000000e+00
 133   1.056000000000e+00    1.064000000000e+00
 134   1.064000000000e+00    1.072000000000e+00
 135   1.072000000000e+00    1.080000000000e+00
 136   1.080000000000e+00    1.088000000000e+00
 137   1.088000000000e+00    1.096000000000e+00
 138   1.096000000000e+00    1.104000000000e+00
 139   1.104000000000e+00    1.112000000000e+00
 140   1.112000000000e+00    1.120000000000e+00
 141   1.120000000000e+00    1.128000000000e+00
 142   1.128000000000e+00    1.136000000000e+00
 143   1.136000000000e+00    1.144000000000e+00
 144   1.144000000000e+00    1.152000000000e+00
 145   1.152000000000e+00    1.160000000000e+00
 146   1.160000000000e+00    1.168000000000e+00
 147   1.168000000000e+00    1.176000000000e+00
 148   1.176000000000e+00    1.184000000000e+00
 149   1.184000000000e+00    1.192000000000e+00
 150   1.192000000000e+00    1.200000000000e+00
 151   1.200000000000e+00    1.208000000000e+00
 152   1.208000000000e+00    1.216000000000e+00
 153   1.216000000000e+00    1.224000000000e+00
 154   1.224000000000e+00    1.232000000000e+00
 155   1.232000000000e+00    1.240000000000e+00
 156   1.240000000000e+00    1.248000000000e+00
 157   1.248000000000e+00    1.256000000000e+00
 158   1.256000000000e+00    1.264000000000e+00
 159   1.264000000000e+00    1.272000000000e+00
 160   1.272000000000e+00    1.280000000000e+00
 161   1.280000000000e+00    1.288000000000e+00
 162   1.288000000000e+00    1.296000000000e+00
 163   1.296000000000e+00    1.304000000000e+00
 164   1.304000000000e+00    1.312000000000e+00
 165   1.312000000000e+00    1.320000000000e+00
 166   1.320000000000e+00    1.328000000000e+00
 167   1.328000000000e+00    1.336000000000e+00
 168   1.336000000000e+00    1.344000000000e+00
 169   1.344000000000e+00    1.352000000000e+00
 170   1.352000000000e+00    1.360000000000e+00
 171   1.360000000000e+00    1.368000000000e+00
 172   1.368000000000e+00    1.376000000000e+00
 173   1.376000000000e+00    1.384000000000e+00
 174   1.384000000000e+00    1.392000000000e+00
 175   1.392000000000e+00    1.400000000000e+00
 176   1.400000000000e+00    1.408000000000e+00
 177   1.408000000000e+00    1.416000000000e+00
 178   1.416000000000e+00    1.424000000000e+00
 179   1.424000000000e+00    1.432000000000e+00
 180   1.432000000000e+00    1.440000000000e+00
 181   1.440000000000e+00    1.448000000000e+00
 182   1.448000000000e+00    1.456000000000e+00
 183   1.456000000000e+00    1.464000000000e+00
 184   1.464000000000e+00    1.472000000000e+00
 185   1.472000000000e+00    1.480000000000e+00
 186   1.480000000000e+00    1.488000000000e+00
 187   1.488000000000e+00    1.496000000000e+00
 188   1.496000000000e+00    1.504000000000e+00
 189   1.504000000000e+00    1.512000000000e+00
 190   1.512000000000e+00    1.520000000000e+00
 191   1.520000000000e+00    1.528000000000e+00
 192   1.528000000000e+00    1.536000000000e+00
 193   1.536000000000e+00    1.544000000000e+00
 194   1.544000000000e+00    1.552000000000e+00
 195   1.552000000000e+00    1.560000000000e+00
 196   1.560000000000e+00    1.568000000000e+00
 197   1.568000000000e+00    1.576000000000e+00
 198   1.576000000000e+00    1.584000000000e+00
 199   1.584000000000e+00    1.592000000000e+00
 200   1.592000000000e+00    1.600000000000e+00
 201   1.600000000000e+00    1.608000000000e+00
 202   1.608000000000e+00    1.616000000000e+00
 203   1.616000000000e+00    1.624000000000e+00
 204   1.624000000000e+00    1.632000000000e+00
 205   1.632000000000e+00    1.640000000000e+00
 206   1.640000000000e+00    1.648000000000e+00
 207   1.648000000000e+00    1.656000000000e+00
 208   1.656000000000e+00    1.664000000000e+00
 209   1.664000000000e+00    1.672000000000e+00
 210   1.672000000000e+00    1.680000000000e+00
 211   1.680000000000e+00    1.688000000000e+00
 212   1.688000000000e+00    1.696000000000e+00
 213   1.696000000000e+00    1.704000000000e+00
 214   1.704000000000e+00    1.712000000000e+00
 215   1.712000000000e+00    1.720000000000e+00
 216   1.720000000000e+00    1.728000000000e+00
 217   1.728000000000e+00    1.736000000000e+00
 218   1.736000000000e+00    1.744000000000e+00
 219   1.744000000000e+00    1.752000000000e+00
 220   1.752000000000e+00    1.760000000000e+00
 221   1.760000000000e+00    1.768000000000e+00
 222   1.768000000000e+00    1.776000000000e+00
 223   1.776000000000e+00    1.784000000000e+00
 224   1.784000000000e+00    1.792000000000e+00
 225   1.792000000000e+00    1.800000000000e+00
 226   1.800000000000e+00    1.808000000000e+00
 227   1.808000000000e+00    1.816000000000e+00
 228   1.816000000000e+00    1.824000000000e+00
 229   1.824000000000e+00    1.832000000000e+00
 230   1.832000000000e+00    1.840000000000e+00
 231   1.840000000000e+00    1.848000000000e+00
 232   1.848000000000e+00    1.856000000000e+00
 233   1.856000000000e+00    1.864000000000e+00
 234   1.864000000000e+00    1.872000000000e+00
 235   1.872000000000e+00    1.880000000000e+00
 236   1.880000000000e+00    1.888000000000e+00
 237   1.888000000000e+00    1.896000000000e+00
 238   1.896000000000e+00    1.904000000000e+00
 239   1.904000000000e+00    1.912000000000e+00
 240   1.912000000000e+00    1.920000000000e+00
 241   1.920000000000e+00    1.928000000000e+00
 242   1.928000000000e+00    1.936000000000e+00
 243   1.936000000000e+00    1.944000000000e+00
 244   1.944000000000e+00    1.952000000000e+00
 245   1.952000000000e+00    1.960000000000e+00
 246   1.960000000000e+00    1.968000000000e+00
 247   1.968000000000e+00    1.976000000000e+00
 248   1.976000000000e+00    1.984000000000e+00
 249   1.984000000000e+00    1.992000000000e+00
 250   1.992000000000e+00    2.000000000000e+00
250 
 1   0.000000000000e+00    2.513274122800e-02
 2   2.513274122800e-02    5.026548245600e-02
 3   5.026548245600e-02    7.539822368400e-02
 4   7.539822368400e-02    1.005309649120e-01
 5   1.005309649120e-01    1.256637061400e-01
 6   1.256637061400e-01    1.507964473680e-01
 7   1.507964473680e-01    1.759291885960e-01
 8   1.759291885960e-01    2.010619298240e-01
 9   2.010619298240e-01    2.261946710520e-01
 10   2.261946710520e-01    2.513274122800e-01
 11   2.513274122800e-01    2.764601535080e-01
 12   2.764601535080e-01    3.015928947360e-01
 13   3.015928947360e-01    3.267256359640e-01
 14   3.267256359640e-01    3.518583771920e-01
 15   3.518583771920e-01    3.769911184200e-01
 16   3.769911184200e-01    4.021238596480e-01
 17   4.021238596480e-01    4.272566008760e-01
 18   4.272566008760e-01    4.523893421040e-01
 19   4.523893421040e-01    4.775220833320e-01
 20   4.775220833320e-01    5.026548245600e-01
 21   5.026548245600e-01    5.277875657880e-01
 22   5.277875657880e-01    5.529203070160e-01
 23   5.529203070160e-01    5.780530482440e-01
 24   5.780530482440e-01    6.031857894720e-01
 25   6.031857894720e-01    6.283185307000e-01
 26   6.283185307000e-01    6.534512719280e-01
 27   6.534512719280e-01    6.785840131560e-01
 28   6.785840131560e-01    7.037167543840e-01
 29   7.037167543840e-01    7.288494956120e-01
 30   7.288494956120e-01    7.539822368400e-01
 31   7.539822368400e-01    7.791149780680e-01
 32   7.791149780680e-01    8.042477192960e-01
 33   8.042477192960e-01    8.293804605240e-01
 34   8.293804605240e-01    8.545132017520e-01
 35   8.545132017520e-01    8.796459429800e-01
 36   8.796459429800e-01    9.047786842080e-01
 37   9.047786842080e-01    9.299114254360e-01
 38   9.299114254360e-01    9.550441666640e-01
 39   9.550441666640e-01    9.801769078920e-01
 40   9.801769078920e-01    1.005309649120e+00
 41   1.005309649120e+00    1.030442390348e+00
 42   1.030442390348e+00    1.055575131576e+00
 43   1.055575131576e+00    1.080707872804e+00
 44   1.080707872804e+00    1.105840614032e+00
 45   1.105840614032e+00    1.130973355260e+00
 46   1.130973355260e+00    1.156106096488e+00
 47   1.156106096488e+00    1.181238837716e+00
 48   1.181238837716e+00    1.206371578944e+00
 49   1.206371578944e+00    1.231504320172e+00
 50   1.231504320172e+00    1.256637061400e+00
 51   1.256637061400e+00    1.281769802628e+00
 52   1.281769802628e+00    1.306902543856e+00
 53   1.306902543856e+00    1.332035285084e+00
 54   1.332035285084e+00    1.357168026312e+00
 55   1.357168026312e+00    1.382300767540e+00
 56   1.382300767540e+00    1.407433508768e+00
 57   1.407433508768e+00    1.432566249996e+00
 58   1.432566249996e+00    1.457698991224e+00
 59   1.457698991224e+00    1.482831732452e+00
 60   1.482831732452e+00    1.507964473680e+00
 61   1.507964473680e+00    1.533097214908e+00
 62   1.533097214908e+00    1.558229956136e+00
 63   1.558229956136e+00    1.583362697364e+00
 64   1.583362697364e+00    1.608495438592e+00
 65   1.608495438592e+00    1.633628179820e+00
 66   1.633628179820e+00    1.658760921048e+00
 67   1.658760921048e+00    1.683893662276e+00
 68   1.683893662276e+00    1.709026403504e+00
 69   1.709026403504e+00    1.734159144732e+00
 70   1.734159144732e+00    1.759291885960e+00
 71   1.759291885960e+00    1.784424627188e+00
 72   1.784424627188e+00    1.809557368416e+00
 73   1.809557368416e+00    1.834690109644e+00
 74   1.834690109644e+00    1.859822850872e+00
 75   1.859822850872e+00    1.884955592100e+00
 76   1.884955592100e+00    1.910088333328e+00
 77   1.910088333328e+00    1.935221074556e+00
 78   1.935221074556e+00    1.960353815784e+00
 79   1.960353815784e+00    1.985486557012e+00
 80   1.985486557012e+00    2.010619298240e+00
 81   2.010619298240e+00    2.035752039468e+00
 82   2.035752039468e+00    2.060884780696e+00
 83   2.060884780696e+00    2.086017521924e+00
 84   2.086017521924e+00    2.111150263152e+00
 85   2.111150263152e+00    2.136283004380e+00
 86   2.136283004380e+00    2.161415745608e+00
 87   2.161415745608e+00    2.186548486836e+00
 88   2.186548486836e+00    2.211681228064e+00
 89   2.211681228064e+00    2.236813969292e+00
 90   2.236813969292e+00    2.261946710520e+00
 91   2.261946710520e+00    2.287079451748e+00
 92   2.287079451748e+00    2.312212192976e+00
 93   2.312212192976e+00    2.337344934204e+00
 94   2.337344934204e+00    2.362477675432e+00
 95   2.362477675432e+00    2.387610416660e+00
 96   2.387610416660e+00    2.412743157888e+00
 97   2.412743157888e+00    2.437875899116e+00
 98   2.437875899116e+00    2.463008640344e+00
 99   2.463008640344e+00    2.488141381572e+00
 100   2.488141381572e+00    2.513274122800e+00
 101   2.513274122800e+00    2.538406864028e+00
 102   2.538406864028e+00    2.563539605256e+00
 103   2.563539605256e+00    2.588672346484e+00
 104   2.588672346484e+00    2.613805087712e+00
 105   2.613805087712e+00    2.638937828940e+00
 106   2.638937828940e+00    2.664070570168e+00
 107   2.664070570168e+00    2.689203311396e+00
 108   2.689203311396e+00    2.714336052624e+00
 109   2.714336052624e+00    2.739468793852e+00
 110   2.739468793852e+00    2.764601535080e+00
 111   2.764601535080e+00    2.789734276308e+00
 112   2.789734276308e+00    2.814867017536e+00
 113   2.814867017536e+00    2.839999758764e+00
 114   2.839999758764e+00    2.865132499992e+00
 115   2.865132499992e+00    2.890265241220e+00
 116   2.890265241220e+00    2.915397982448e+00
 117   2.915397982448e+00    2.940530723676e+00
 118   2.940530723676e+00    2.965663464904e+00
 119   2.965663464904e+00    2.990796206132e+00
 120   2.990796206132e+00    3.015928947360e+00
 121   3.015928947360e+00    3.041061688588e+00
 122   3.041061688588e+00    3.066194429816e+00
 123   3.066194429816e+00    3.091327171044e+00
 124   3.091327171044e+00    3.116459912272e+00
 125   3.116459912272e+00    3.141592653500e+00
 126   3.141592653500e+00    3.166725394728e+00
 127   3.166725394728e+00    3.191858135956e+00
 128   3.191858135956e+00    3.216990877184e+00
 129   3.216990877184e+00    3.242123618412e+00
 130   3.242123618412e+00    3.267256359640e+00
 131   3.267256359640e+00    3.292389100868e+00
 132   3.292389100868e+00    3.317521842096e+00
 133   3.317521842096e+00    3.342654583324e+00
 134   3.342654583324e+00    3.367787324552e+00
 135   3.367787324552e+00    3.392920065780e+00
 136   3.392920065780e+00    3.418052807008e+00
 137   3.418052807008e+00    3.443185548236e+00
 138   3.443185548236e+00    3.468318289464e+00
 139   3.468318289464e+00    3.493451030692e+00
 140   3.493451030692e+00    3.518583771920e+00
 141   3.518583771920e+00    3.543716513148e+00
 142   3.543716513148e+00    3.568849254376e+00
 143   3.568849254376e+00    3.593981995604e+00
 144   3.593981995604e+00    3.619114736832e+00
 145   3.619114736832e+00    3.644247478060e+00
 146   3.644247478060e+00    3.669380219288e+00
 147   3.669380219288e+00    3.694512960516e+00
 148   3.694512960516e+00    3.719645701744e+00
 149   3.719645701744e+00    3.744778442972e+00
 150   3.744778442972e+00    3.769911184200e+00
 151   3.769911184200e+00    3.795043925428e+00
 152   3.795043925428e+00    3.820176666656e+00
 153   3.820176666656e+00    3.845309407884e+00
 154   3.845309407884e+00    3.870442149112e+00
 155   3.870442149112e+00    3.895574890340e+00
 156   3.895574890340e+00    3.920707631568e+00
 157   3.920707631568e+00    3.945840372796e+00
 158   3.945840372796e+00    3.970973114024e+00
 159   3.970973114024e+00    3.996105855252e+00
 160   3.996105855252e+00    4.021238596480e+00
 161   4.021238596480e+00    4.046371337708e+00
 162   4.046371337708e+00    4.071504078936e+00
 163   4.071504078936e+00    4.096636820164e+00
 164   4.096636820164e+00    4.121769561392e+00
 165   4.121769561392e+00    4.146902302620e+00
 166   4.146902302620e+00    4.172035043848e+00
 167   4.172035043848e+00    4.197167785076e+00
 168   4.197167785076e+00    4.222300526304e+00
 169   4.222300526304e+00    4.247433267532e+00
 170   4.247433267532e+00    4.272566008760e+00
 171   4.272566008760e+00    4.297698749988e+00
 172   4.297698749988e+00    4.322831491216e+00
 173   4.322831491216e+00    4.347964232444e+00
 174   4.347964232444e+00    4.373096973672e+00
 175   4.373096973672e+00    4.398229714900e+00
 176   4.398229714900e+00    4.423362456128e+00
 177   4.423362456128e+00    4.448495197356e+00
 178   4.448495197356e+00    4.473627938584e+00
 179   4.473627938584e+00    4.498760679812e+00
 180   4.498760679812e+00    4.523893421040e+00
 181   4.523893421040e+00    4.549026162268e+00
 182   4.549026162268e+00    4.574158903496e+00
 183   4.574158903496e+00    4.599291644724e+00
 184   4.599291644724e+00    4.624424385952e+00
 185   4.624424385952e+00    4.649557127180e+00
 186   4.649557127180e+00    4.674689868408e+00
 187   4.674689868408e+00    4.699822609636e+00
 188   4.699822609636e+00    4.724955350864e+00
 189   4.724955350864e+00    4.750088092092e+00
 190   4.750088092092e+00    4.775220833320e+00
 191   4.775220833320e+00    4.800353574548e+00
 192   4.800353574548e+00    4.825486315776e+00
 193   4.825486315776e+00    4.850619057004e+00
 194   4.850619057004e+00    4.875751798232e+00
 195   4.875751798232e+00    4.900884539460e+00
 196   4.900884539460e+00    4.926017280688e+00
 197   4.926017280688e+00    4.951150021916e+00
 198   4.951150021916e+00    4.976282763144e+00
 199   4.976282763144e+00    5.001415504372e+00
 200   5.001415504372e+00    5.026548245600e+00
 201   5.026548245600e+00    5.051680986828e+00
 202   5.051680986828e+00    5.076813728056e+00
 203   5.076813728056e+00    5.101946469284e+00
 204   5.101946469284e+00    5.127079210512e+00
 205   5.127079210512e+00    5.152211951740e+00
 206   5.152211951740e+00    5.177344692968e+00
 207   5.177344692968e+00    5.202477434196e+00
 208   5.202477434196e+00    5.227610175424e+00
 209   5.227610175424e+00    5.252742916652e+00
 210   5.252742916652e+00    5.277875657880e+00
 211   5.277875657880e+00    5.303008399108e+00
 212   5.303008399108e+00    5.328141140336e+00
 213   5.328141140336e+00    5.353273881564e+00
 214   5.353273881564e+00    5.378406622792e+00
 215   5.378406622792e+00    5.403539364020e+00
 216   5.403539364020e+00    5.428672105248e+00
 217   5.428672105248e+00    5.453804846476e+00
 218   5.453804846476e+00    5.478937587704e+00
 219   5.478937587704e+00    5.504070328932e+00
 220   5.504070328932e+00    5.529203070160e+00
 221   5.529203070160e+00    5.554335811388e+00
 222   5.554335811388e+00    5.579468552616e+00
 223   5.579468552616e+00    5.604601293844e+00
 224   5.604601293844e+00    5.629734035072e+00
 225   5.629734035072e+00    5.654866776300e+00
 226   5.654866776300e+00    5.679999517528e+00
 227   5.679999517528e+00    5.705132258756e+00
 228   5.705132258756e+00    5.730264999984e+00
 229   5.730264999984e+00    5.755397741212e+00
 230   5.755397741212e+00    5.780530482440e+00
 231   5.780530482440e+00    5.805663223668e+00
 232   5.805663223668e+00    5.830795964896e+00
 233   5.830795964896e+00    5.855928706124e+00
 234   5.855928706124e+00    5.881061447352e+00
 235   5.881061447352e+00    5.906194188580e+00
 236   5.906194188580e+00    5.931326929808e+00
 237   5.931326929808e+00    5.956459671036e+00
 238   5.956459671036e+00    5.981592412264e+00
 239   5.981592412264e+00    6.006725153492e+00
 240   6.006725153492e+00    6.031857894720e+00
 241   6.031857894720e+00    6.056990635948e+00
 242   6.056990635948e+00    6.082123377176e+00
 243   6.082123377176e+00    6.107256118404e+00
 244   6.107256118404e+00    6.132388859632e+00
 245   6.132388859632e+00    6.157521600860e+00
 246   6.157521600860e+00    6.182654342088e+00
 247   6.182654342088e+00    6.207787083316e+00
 248   6.207787083316e+00    6.232919824544e+00
 249   6.232919824544e+00    6.258052565772e+00
 250   6.258052565772e+00    6.283185307000e+00
1 
 1   0.000000000000e+00    1.000000000000e+00
